<?xml version="1.0" encoding="UTF-8"?>
<!-- Generated by org.testng.reporters.JUnitReportReporter -->
<testsuite hostname="Kavin" failures="0" tests="1" name="TestCases.TC_06_ByDepartmentTest" time="34.206" errors="0" timestamp="2024-05-06T14:06:10 IST" skipped="0">
  <testcase classname="TestCases.TC_06_ByDepartmentTest" name="TC_06_ByDepartmentTest" time="34.206"/>
</testsuite> <!-- TestCases.TC_06_ByDepartmentTest -->
