<?xml version="1.0" encoding="UTF-8"?>
<!-- Generated by org.testng.reporters.JUnitReportReporter -->
<testsuite hostname="Kavin" failures="0" tests="1" name="TestCases.TC_03_MainMenuTest" time="26.512" errors="0" timestamp="2024-05-06T14:06:10 IST" skipped="0">
  <testcase classname="TestCases.TC_03_MainMenuTest" name="TC_03_MainMenuTest" time="26.512"/>
</testsuite> <!-- TestCases.TC_03_MainMenuTest -->
