<?xml version="1.0" encoding="UTF-8"?>
<!-- Generated by org.testng.reporters.JUnitReportReporter -->
<testsuite hostname="Kavin" failures="0" tests="1" name="TestCases.TC_04_ByBrandTest" time="80.909" errors="0" timestamp="2024-05-05T00:30:42 IST" skipped="0">
  <testcase classname="TestCases.TC_04_ByBrandTest" name="TC_04_ByBrandTest" time="80.909"/>
</testsuite> <!-- TestCases.TC_04_ByBrandTest -->
