<?xml version="1.0" encoding="UTF-8"?>
<!-- Generated by org.testng.reporters.JUnitReportReporter -->
<testsuite hostname="Kavin" failures="0" tests="1" name="TestCases.TC_04_BottamMenuValidateTest" time="18.441" errors="0" timestamp="2024-05-06T14:06:10 IST" skipped="0">
  <testcase classname="TestCases.TC_04_BottamMenuValidateTest" name="TC_04_BottamMenuValidateTest" time="18.441"/>
</testsuite> <!-- TestCases.TC_04_BottamMenuValidateTest -->
