<?xml version="1.0" encoding="UTF-8"?>
<!-- Generated by org.testng.reporters.JUnitReportReporter -->
<testsuite hostname="Kavin" failures="0" tests="4" name="TestCases.TC_01_SelectCountryTest" time="103.217" errors="0" timestamp="2024-05-06T14:06:10 IST" skipped="0">
  <testcase classname="TestCases.TC_01_SelectCountryTest" name="TC_01_SelectCountryTest" time="26.007"/>
  <testcase classname="TestCases.TC_01_SelectCountryTest" name="TC_01_SelectCountryTest" time="25.721"/>
  <testcase classname="TestCases.TC_01_SelectCountryTest" name="TC_01_SelectCountryTest" time="28.717"/>
  <testcase classname="TestCases.TC_01_SelectCountryTest" name="TC_01_SelectCountryTest" time="22.772"/>
</testsuite> <!-- TestCases.TC_01_SelectCountryTest -->
