<?xml version="1.0" encoding="UTF-8"?>
<!-- Generated by org.testng.reporters.JUnitReportReporter -->
<testsuite hostname="Kavin" failures="0" tests="1" name="TestCases.TC_07_ByBrandTest" time="36.723" errors="0" timestamp="2024-05-06T14:06:10 IST" skipped="0">
  <testcase classname="TestCases.TC_07_ByBrandTest" name="TC_04_ByBrandTest" time="36.723"/>
</testsuite> <!-- TestCases.TC_07_ByBrandTest -->
