<?xml version="1.0" encoding="UTF-8"?>
<!-- Generated by org.testng.reporters.JUnitReportReporter -->
<testsuite hostname="Kavin" failures="0" tests="1" name="TestCases.TC_05_ByPageTest" time="16.812" errors="0" timestamp="2024-05-05T22:32:35 IST" skipped="0">
  <testcase classname="TestCases.TC_05_ByPageTest" name="TC_05_ByPageTest" time="16.812"/>
</testsuite> <!-- TestCases.TC_05_ByPageTest -->
