<?xml version="1.0" encoding="UTF-8"?>
<!-- Generated by org.testng.reporters.JUnitReportReporter -->
<testsuite hostname="Kavin" failures="0" tests="1" name="TestCases.TC_07_ByBrandTest" time="25.138" errors="0" timestamp="2024-05-05T22:32:35 IST" skipped="0">
  <testcase classname="TestCases.TC_07_ByBrandTest" name="TC_04_ByBrandTest" time="25.138"/>
</testsuite> <!-- TestCases.TC_07_ByBrandTest -->
